0 info it worked if it ends with ok
1 verbose cli [ '/usr/local/bin/node', '/usr/local/bin/npm', 'start' ]
2 info using npm@3.6.0
3 info using node@v5.7.0
4 verbose run-script [ 'prestart', 'start', 'poststart' ]
5 info lifecycle todo@1.0.0~prestart: todo@1.0.0
6 silly lifecycle todo@1.0.0~prestart: no script for prestart, continuing
7 info lifecycle todo@1.0.0~start: todo@1.0.0
8 verbose lifecycle todo@1.0.0~start: unsafe-perm in lifecycle true
9 verbose lifecycle todo@1.0.0~start: PATH: /usr/local/lib/node_modules/npm/bin/node-gyp-bin:/Users/Mark/Documents/training/Polymer/polymer-examples/todo-paper/node_modules/.bin:/Users/Mark/bin:/usr/local/bin:/usr/local/sbin:/Users/Mark/.rbenv/versions/1.9.1-p430/bin:/usr/local/opt/coreutils/libexec/gnubin:/Users/Mark/Documents/programming/languages/java/Ant/apache-ant-1.8.2/bin:/usr/local/bin:/usr/bin:/bin:/usr/sbin:/sbin:/Users/Mark/bin:/usr/local/sbin:/Users/Mark/.rbenv/versions/1.9.1-p430/bin:/usr/local/opt/coreutils/libexec/gnubin:/Users/Mark/Documents/programming/languages/java/Ant/apache-ant-1.8.2/bin:/Users/Mark/Documents/programming/languages/java/maven/apache-maven-3.3.1/bin:/deps/v8/tools:/Users/Mark/programming/typescript/TypeScript/bin:/Users/Mark/Documents/programming/languages/TypeScript/ts1.5/bin:/Users/Mark/Documents/programming/languages/javascript/traceur-compiler-master:/Users/Mark/Documents/programming/languages/java/maven/apache-maven-3.3.1/bin:/deps/v8/tools:/Users/Mark/programming/typescript/TypeScript/bin:/Users/Mark/Documents/programming/languages/TypeScript/ts1.5/bin:/Users/Mark/Documents/programming/languages/javascript/traceur-compiler-master
10 verbose lifecycle todo@1.0.0~start: CWD: /Users/Mark/Documents/training/Polymer/polymer-examples/todo-paper
11 silly lifecycle todo@1.0.0~start: Args: [ '-c', 'node server.js' ]
12 silly lifecycle todo@1.0.0~start: Returned: code: 1  signal: null
13 info lifecycle todo@1.0.0~start: Failed to exec start script
14 verbose stack Error: todo@1.0.0 start: `node server.js`
14 verbose stack Exit status 1
14 verbose stack     at EventEmitter.<anonymous> (/usr/local/lib/node_modules/npm/lib/utils/lifecycle.js:232:16)
14 verbose stack     at emitTwo (events.js:100:13)
14 verbose stack     at EventEmitter.emit (events.js:185:7)
14 verbose stack     at ChildProcess.<anonymous> (/usr/local/lib/node_modules/npm/lib/utils/spawn.js:24:14)
14 verbose stack     at emitTwo (events.js:100:13)
14 verbose stack     at ChildProcess.emit (events.js:185:7)
14 verbose stack     at maybeClose (internal/child_process.js:827:16)
14 verbose stack     at Process.ChildProcess._handle.onexit (internal/child_process.js:211:5)
15 verbose pkgid todo@1.0.0
16 verbose cwd /Users/Mark/Documents/training/Polymer/polymer-examples/todo-paper
17 error Darwin 15.4.0
18 error argv "/usr/local/bin/node" "/usr/local/bin/npm" "start"
19 error node v5.7.0
20 error npm  v3.6.0
21 error code ELIFECYCLE
22 error todo@1.0.0 start: `node server.js`
22 error Exit status 1
23 error Failed at the todo@1.0.0 start script 'node server.js'.
23 error Make sure you have the latest version of node.js and npm installed.
23 error If you do, this is most likely a problem with the todo package,
23 error not with npm itself.
23 error Tell the author that this fails on your system:
23 error     node server.js
23 error You can get information on how to open an issue for this project with:
23 error     npm bugs todo
23 error Or if that isn't available, you can get their info via:
23 error     npm owner ls todo
23 error There is likely additional logging output above.
24 verbose exit [ 1, true ]
